<?xml version="1.0" encoding="UTF-8"?>
<!-- Generated by org.testng.reporters.JUnitReportReporter -->
<testsuite skipped="0" hostname="LNDA0065" name="pageObject.BasicTatoc" tests="2" failures="0" timestamp="04 Jul 2019 10:05:36 GMT" time="0.541" errors="0">
  <testcase name="basicCourse" time="0.184" classname="pageObject.BasicTatoc"/>
  <testcase name="clickOnGreen" time="0.357" classname="pageObject.BasicTatoc"/>
</testsuite> <!-- pageObject.BasicTatoc -->
