<?xml version="1.0" encoding="UTF-8"?>
<!-- Generated by org.testng.reporters.JUnitReportReporter -->
<testsuite skipped="0" hostname="LNDA0065" name="selenium.BasicTatoc" tests="5" failures="0" timestamp="03 Jul 2019 06:50:33 GMT" time="21.091" errors="0">
  <testcase name="basicCourse" time="0.686" classname="selenium.BasicTatoc"/>
  <testcase name="clickOnGreen" time="0.860" classname="selenium.BasicTatoc"/>
  <testcase name="rePaint" time="14.433" classname="selenium.BasicTatoc"/>
  <testcase name="dragMe" time="1.108" classname="selenium.BasicTatoc"/>
  <testcase name="popUpWindows" time="4.004" classname="selenium.BasicTatoc"/>
</testsuite> <!-- selenium.BasicTatoc -->
