<?xml version="1.0" encoding="UTF-8"?>
<!-- Generated by org.testng.reporters.JUnitReportReporter -->
<testsuite skipped="0" hostname="LNDA0065" name="selenium.TestNgDemo" tests="3" failures="0" timestamp="01 Jul 2019 04:17:04 GMT" time="0.013" errors="0">
  <testcase name="test2" time="0.007" classname="selenium.TestNgDemo"/>
  <testcase name="test1" time="0.003" classname="selenium.TestNgDemo"/>
  <testcase name="test3" time="0.003" classname="selenium.TestNgDemo"/>
</testsuite> <!-- selenium.TestNgDemo -->
