<?xml version="1.0" encoding="UTF-8"?>
<!-- Generated by org.testng.reporters.JUnitReportReporter -->
<testsuite skipped="0" hostname="LNDA0065" name="selenium.BasicTatocNegative" tests="5" failures="0" timestamp="04 Jul 2019 05:32:57 GMT" time="14.985" errors="0">
  <testcase name="basicCourse" time="0.725" classname="selenium.BasicTatocNegative"/>
  <testcase name="afterBasic" time="3.159" classname="selenium.BasicTatocNegative"/>
  <testcase name="rePaint" time="4.303" classname="selenium.BasicTatocNegative"/>
  <testcase name="dragme" time="1.613" classname="selenium.BasicTatocNegative"/>
  <testcase name="launchPopup" time="5.185" classname="selenium.BasicTatocNegative"/>
</testsuite> <!-- selenium.BasicTatocNegative -->
