<?xml version="1.0" encoding="UTF-8"?>
<!-- Generated by org.testng.reporters.JUnitReportReporter -->
<testsuite skipped="0" hostname="LNDA0065" name="com.qait.FirstMaven.LogicTest" tests="2" failures="0" timestamp="05 Jul 2019 06:55:09 GMT" time="0.026" errors="0">
  <testcase name="testAdditionLogic" time="0.024" classname="com.qait.FirstMaven.LogicTest"/>
  <testcase name="testDisplay" time="0.002" classname="com.qait.FirstMaven.LogicTest"/>
</testsuite> <!-- com.qait.FirstMaven.LogicTest -->
