<?xml version="1.0" encoding="UTF-8"?>
<!-- Generated by org.testng.reporters.JUnitReportReporter -->
<testsuite skipped="0" hostname="LNDA0065" name="com.qait.FirstMaven.BasicTatocTest" tests="2" failures="0" timestamp="05 Jul 2019 10:35:21 GMT" time="1.584" errors="0">
  <testcase name="clickOnBasicCourse" time="0.491" classname="com.qait.FirstMaven.BasicTatocTest"/>
  <testcase name="clickOnGreen" time="1.093" classname="com.qait.FirstMaven.BasicTatocTest"/>
</testsuite> <!-- com.qait.FirstMaven.BasicTatocTest -->
